2017-06-28 14:27:59,023 [openphish.py  getIntelligent 45] [INFO ]  source link is available
2017-06-28 14:28:09,306 [openphish.py  getIntelligent 53] [ERROR]  AttributeError("module 'urllib' has no attribute 'urlopen'",)
2017-06-28 14:28:46,259 [openphish.py  getIntelligent 45] [INFO ]  source link is available
2017-06-28 14:36:25,365 [openphish.py  getIntelligent 45] [INFO ]  source link is available
2017-06-28 14:37:53,402 [openphish.py  getIntelligent 53] [ERROR]  AttributeError("module 'urllib' has no attribute 'urlopen'",)
2017-06-28 14:41:05,467 [openphish.py  getIntelligent 45] [INFO ]  source link is available
2017-06-28 14:41:51,393 [openphish.py  getIntelligent 45] [INFO ]  source link is available
2017-06-28 14:41:52,764 [openphish.py  getIntelligent 53] [ERROR]  TypeError("object of type 'Response' has no len()",)
2017-06-28 14:55:10,068 [openphish.py  getIntelligent 45] [INFO ]  source link is available
2017-06-28 14:55:29,767 [openphish.py  getIntelligent 45] [INFO ]  source link is available
2017-06-28 14:56:46,412 [openphish.py  getIntelligent 45] [INFO ]  source link is available
2017-06-28 14:56:47,724 [openphish.py  getIntelligent 53] [ERROR]  TypeError("object of type 'Response' has no len()",)
2017-06-28 14:57:08,362 [openphish.py  getIntelligent 45] [INFO ]  source link is available
2017-06-28 14:57:27,735 [openphish.py  getIntelligent 53] [ERROR]  TypeError("object of type 'Response' has no len()",)
2017-06-28 14:58:36,214 [openphish.py  getIntelligent 45] [INFO ]  source link is available
2017-06-28 14:58:37,579 [openphish.py  getIntelligent 53] [ERROR]  AttributeError("'NoneType' object has no attribute 'text'",)
2017-06-28 14:59:07,022 [openphish.py  getIntelligent 45] [INFO ]  source link is available
2017-06-28 14:59:08,343 [openphish.py  getIntelligent 53] [ERROR]  AttributeError("'NoneType' object has no attribute 'text'",)
2017-06-28 14:59:22,030 [openphish.py  getIntelligent 45] [INFO ]  source link is available
2017-06-28 14:59:49,045 [openphish.py  getIntelligent 45] [INFO ]  source link is available
2017-06-28 15:01:06,320 [openphish.py  getIntelligent 45] [INFO ]  source link is available
2017-06-28 15:01:23,880 [openphish.py  getIntelligent 45] [INFO ]  source link is available
2017-06-28 15:04:06,494 [openphish.py  getIntelligent 46] [INFO ]  source link is available
2017-06-28 15:04:30,328 [openphish.py  getIntelligent 54] [ERROR]  AttributeError("'NoneType' object has no attribute 'string'",)
2017-06-28 15:04:54,726 [openphish.py  getIntelligent 46] [INFO ]  source link is available
2017-06-28 15:04:55,971 [openphish.py  getIntelligent 54] [ERROR]  AttributeError("'NoneType' object has no attribute 'string'",)
2017-06-28 15:06:07,470 [openphish.py  getIntelligent 46] [INFO ]  source link is available
2017-06-28 15:06:08,806 [openphish.py  getTitleUrl 97] [ERROR]  AttributeError("'NoneType' object has no attribute 'string'",)
2017-06-28 15:06:23,489 [openphish.py  getTitleUrl 97] [ERROR]  AttributeError("'NoneType' object has no attribute 'string'",)
2017-06-28 15:06:24,838 [openphish.py  getTitleUrl 97] [ERROR]  <HTTPError 403: 'Forbidden'>
2017-06-28 15:06:25,968 [openphish.py  getTitleUrl 97] [ERROR]  <HTTPError 403: 'Forbidden'>
2017-06-28 15:06:31,314 [openphish.py  getTitleUrl 97] [ERROR]  <HTTPError 404: 'Not Found'>
2017-06-28 15:06:31,723 [openphish.py  getTitleUrl 97] [ERROR]  <HTTPError 404: 'Not Found'>
2017-06-28 15:06:38,755 [openphish.py  getIntelligent 46] [INFO ]  source link is available
2017-06-28 15:06:51,226 [openphish.py  getIntelligent 46] [INFO ]  source link is available
2017-06-28 15:06:52,845 [openphish.py  getTitleUrl 97] [ERROR]  AttributeError("'NoneType' object has no attribute 'text'",)
2017-06-28 15:07:03,629 [openphish.py  getTitleUrl 97] [ERROR]  AttributeError("'NoneType' object has no attribute 'text'",)
2017-06-28 15:07:04,345 [openphish.py  getTitleUrl 97] [ERROR]  <HTTPError 403: 'Forbidden'>
2017-06-28 15:07:04,811 [openphish.py  getTitleUrl 97] [ERROR]  <HTTPError 403: 'Forbidden'>
2017-06-28 15:07:08,919 [openphish.py  getTitleUrl 97] [ERROR]  <HTTPError 404: 'Not Found'>
2017-06-28 15:07:09,324 [openphish.py  getTitleUrl 97] [ERROR]  <HTTPError 404: 'Not Found'>
2017-06-28 15:07:16,537 [openphish.py  getTitleUrl 97] [ERROR]  AttributeError("'NoneType' object has no attribute 'text'",)
2017-06-28 15:07:18,774 [openphish.py  getTitleUrl 97] [ERROR]  AttributeError("'NoneType' object has no attribute 'text'",)
2017-06-28 15:07:50,499 [openphish.py  getTitleUrl 97] [ERROR]  URLError(gaierror(8, 'nodename nor servname provided, or not known'),)
2017-06-28 15:08:07,424 [openphish.py  getTitleUrl 97] [ERROR]  <HTTPError 403: 'Forbidden'>
2017-06-28 15:08:15,821 [openphish.py  getTitleUrl 97] [ERROR]  AttributeError("'NoneType' object has no attribute 'text'",)
2017-06-28 15:08:16,110 [openphish.py  getTitleUrl 97] [ERROR]  <HTTPError 404: 'Not Found'>
2017-06-28 15:08:16,266 [openphish.py  getTitleUrl 97] [ERROR]  <HTTPError 404: 'Not Found'>
2017-06-28 15:08:17,396 [openphish.py  getTitleUrl 97] [ERROR]  <HTTPError 404: 'Not Found'>
2017-06-28 15:08:23,091 [openphish.py  getTitleUrl 97] [ERROR]  <HTTPError 404: 'Not Found'>
2017-06-28 15:08:23,238 [openphish.py  getTitleUrl 97] [ERROR]  <HTTPError 404: 'Not Found'>
2017-06-28 15:08:23,705 [openphish.py  getTitleUrl 97] [ERROR]  <HTTPError 404: 'Not Found'>
2017-06-28 15:08:24,096 [openphish.py  getTitleUrl 97] [ERROR]  <HTTPError 404: 'Not Found'>
2017-06-28 15:08:32,525 [openphish.py  getTitleUrl 97] [ERROR]  AttributeError("'NoneType' object has no attribute 'text'",)
2017-06-28 15:08:38,339 [openphish.py  getTitleUrl 97] [ERROR]  AttributeError("'NoneType' object has no attribute 'text'",)
2017-06-28 15:08:39,617 [openphish.py  getTitleUrl 97] [ERROR]  AttributeError("'NoneType' object has no attribute 'text'",)
2017-06-28 15:08:41,565 [openphish.py  getTitleUrl 97] [ERROR]  <HTTPError 403: 'Forbidden'>
2017-06-28 15:08:51,498 [openphish.py  getTitleUrl 97] [ERROR]  <HTTPError 404: 'Not Found'>
2017-06-28 15:08:54,265 [openphish.py  getTitleUrl 97] [ERROR]  <HTTPError 403: 'Forbidden'>
2017-06-28 15:08:55,668 [openphish.py  getTitleUrl 97] [ERROR]  <HTTPError 403: 'Forbidden'>
2017-06-28 15:08:59,723 [openphish.py  getTitleUrl 97] [ERROR]  <HTTPError 404: 'Not Found'>
2017-06-28 15:09:00,575 [openphish.py  getTitleUrl 97] [ERROR]  <HTTPError 404: 'Not Found'>
2017-06-28 15:09:00,995 [openphish.py  getTitleUrl 97] [ERROR]  AttributeError("'NoneType' object has no attribute 'text'",)
2017-06-28 15:09:33,219 [openphish.py  getTitleUrl 97] [ERROR]  URLError(gaierror(8, 'nodename nor servname provided, or not known'),)
2017-06-28 15:09:36,457 [openphish.py  getTitleUrl 97] [ERROR]  AttributeError("'NoneType' object has no attribute 'text'",)
2017-06-28 15:10:07,624 [openphish.py  getTitleUrl 97] [ERROR]  URLError(gaierror(8, 'nodename nor servname provided, or not known'),)
2017-06-28 15:10:07,760 [openphish.py  getTitleUrl 97] [ERROR]  <HTTPError 404: 'Not Found'>
2017-06-28 15:10:07,909 [openphish.py  getTitleUrl 97] [ERROR]  <HTTPError 404: 'Not Found'>
2017-06-28 15:10:09,391 [openphish.py  getTitleUrl 97] [ERROR]  <HTTPError 302: 'The HTTP server returned a redirect error that would lead to an infinite loop.\nThe last 30x error message was:\nFound'>
2017-06-28 15:10:11,897 [dammit.py  __init__ 381] [WARNI]  Some characters could not be decoded, and were replaced with REPLACEMENT CHARACTER.
2017-06-28 15:14:19,801 [openphish.py  getIntelligent 46] [INFO ]  source link is available
2017-06-28 15:15:05,270 [openphish.py  getIntelligent 46] [INFO ]  source link is available
2017-06-28 15:16:22,287 [openphish.py  getTitleUrl 102] [ERROR]  ConnectionResetError(54, 'Connection reset by peer')
2017-06-28 15:16:25,595 [openphish.py  getTitleUrl 102] [ERROR]  AttributeError("'NoneType' object has no attribute 'text'",)
2017-06-28 15:16:32,278 [openphish.py  getTitleUrl 102] [ERROR]  <HTTPError 404: 'Not Found'>
2017-06-28 15:16:34,120 [openphish.py  getTitleUrl 102] [ERROR]  AttributeError("'NoneType' object has no attribute 'text'",)
2017-06-28 15:16:35,096 [openphish.py  getTitleUrl 102] [ERROR]  <HTTPError 403: 'Forbidden'>
2017-06-28 15:16:36,089 [openphish.py  getTitleUrl 102] [ERROR]  <HTTPError 403: 'Forbidden'>
2017-06-28 15:16:41,572 [openphish.py  getTitleUrl 102] [ERROR]  <HTTPError 404: 'Not Found'>
2017-06-28 15:16:41,974 [openphish.py  getTitleUrl 102] [ERROR]  <HTTPError 404: 'Not Found'>
2017-06-28 15:16:49,004 [openphish.py  getTitleUrl 102] [ERROR]  AttributeError("'NoneType' object has no attribute 'text'",)
2017-06-28 15:17:29,375 [openphish.py  getIntelligent 46] [INFO ]  source link is available
2017-06-28 15:17:33,699 [openphish.py  getTitleUrl 102] [ERROR]  ReadTimeout(ReadTimeoutError("HTTPConnectionPool(host='wordempowerment.org', port=80): Read timed out. (read timeout=3)",),)
2017-06-28 15:17:36,665 [openphish.py  getTitleUrl 102] [ERROR]  AttributeError("'Response' object has no attribute 'read'",)
2017-06-28 15:17:57,861 [openphish.py  getIntelligent 46] [INFO ]  source link is available
2017-06-28 15:18:26,543 [openphish.py  getIntelligent 46] [INFO ]  source link is available
2017-06-28 15:18:32,739 [openphish.py  getTitleUrl 102] [ERROR]  ReadTimeout(ReadTimeoutError("HTTPConnectionPool(host='www.wordempowerment.org', port=80): Read timed out. (read timeout=3)",),)
2017-06-28 15:19:32,751 [openphish.py  getTitleUrl 102] [ERROR]  ConnectionError(MaxRetryError("HTTPConnectionPool(host='cavaleirosdaestrada.com.br', port=80): Max retries exceeded with url: /GD%0A (Caused by NewConnectionError('<requests.packages.urllib3.connection.HTTPConnection object at 0x107504978>: Failed to establish a new connection: [Errno 8] nodename nor servname provided, or not known',))",),)
2017-06-28 15:19:42,681 [openphish.py  getIntelligent 46] [INFO ]  source link is available
2017-06-28 15:20:13,971 [openphish.py  getIntelligent 54] [ERROR]  NameError("name 'rllib' is not defined",)
2017-06-28 15:20:40,639 [openphish.py  getIntelligent 46] [INFO ]  source link is available
2017-06-28 15:21:11,864 [openphish.py  getTitleUrl 102] [ERROR]  URLError(gaierror(8, 'nodename nor servname provided, or not known'),)
2017-06-28 15:21:15,372 [openphish.py  getTitleUrl 102] [ERROR]  AttributeError("'NoneType' object has no attribute 'text'",)
2017-06-28 15:21:22,377 [openphish.py  getTitleUrl 102] [ERROR]  AttributeError("'NoneType' object has no attribute 'text'",)
2017-06-28 15:21:23,185 [openphish.py  getIntelligent 54] [ERROR]  IndexError('list index out of range',)
2017-06-28 15:22:19,714 [openphish.py  getIntelligent 46] [INFO ]  source link is available
2017-06-28 15:22:51,034 [openphish.py  getTitleUrl 102] [ERROR]  URLError(gaierror(8, 'nodename nor servname provided, or not known'),)
2017-06-28 15:22:57,738 [openphish.py  getTitleUrl 102] [ERROR]  AttributeError("'NoneType' object has no attribute 'text'",)
2017-06-28 15:23:06,702 [openphish.py  getTitleUrl 102] [ERROR]  AttributeError("'NoneType' object has no attribute 'text'",)
2017-06-28 15:23:07,780 [openphish.py  getIntelligent 54] [ERROR]  IndexError('list index out of range',)
2017-06-28 15:25:12,140 [openphish.py  getIntelligent 46] [INFO ]  source link is available
2017-06-28 15:26:00,250 [openphish.py  getTitleUrl 102] [ERROR]  URLError(gaierror(8, 'nodename nor servname provided, or not known'),)
2017-06-28 15:27:33,560 [openphish.py  getIntelligent 46] [INFO ]  source link is available
2017-06-28 15:28:57,905 [openphish.py  getTitleUrl 104] [ERROR]  AttributeError("'NoneType' object has no attribute 'text'",)
2017-06-28 15:31:35,784 [openphish.py  getIntelligent 46] [INFO ]  source link is available
2017-06-28 15:32:12,198 [openphish.py  getIntelligent 46] [INFO ]  source link is available
2017-06-28 15:32:13,490 [openphish.py  getIntelligent 54] [ERROR]  NameError("name 'temps' is not defined",)
2017-06-28 15:32:15,065 [openphish.py  getIntelligent 46] [INFO ]  source link is available
2017-06-28 15:32:51,730 [openphish.py  getTitleUrl 104] [ERROR]  AttributeError("'NoneType' object has no attribute 'text'",)
2017-06-28 15:32:58,338 [openphish.py  getTitleUrl 104] [ERROR]  AttributeError("'NoneType' object has no attribute 'text'",)
2017-06-28 15:32:59,375 [openphish.py  getIntelligent 54] [ERROR]  IndexError('list index out of range',)
2017-06-28 15:36:32,994 [openphish.py  getIntelligent 46] [INFO ]  source link is available
2017-06-28 15:37:12,597 [openphish.py  getTitleUrl 103] [ERROR]  AttributeError("'NoneType' object has no attribute 'text'",)
2017-06-28 15:37:21,052 [openphish.py  getTitleUrl 103] [ERROR]  AttributeError("'NoneType' object has no attribute 'text'",)
2017-06-28 15:37:36,797 [openphish.py  getTitleUrl 103] [ERROR]  AttributeError("'NoneType' object has no attribute 'text'",)
2017-06-28 15:37:42,146 [openphish.py  getTitleUrl 103] [ERROR]  timeout('timed out',)
2017-06-28 15:38:18,092 [openphish.py  getTitleUrl 103] [ERROR]  timeout('timed out',)
2017-06-28 15:38:27,994 [openphish.py  getTitleUrl 103] [ERROR]  AttributeError("'NoneType' object has no attribute 'text'",)
2017-06-28 15:38:42,749 [openphish.py  getTitleUrl 103] [ERROR]  AttributeError("'NoneType' object has no attribute 'text'",)
2017-06-28 15:38:48,434 [openphish.py  getTitleUrl 103] [ERROR]  AttributeError("'NoneType' object has no attribute 'text'",)
2017-06-28 15:38:49,810 [openphish.py  getTitleUrl 103] [ERROR]  AttributeError("'NoneType' object has no attribute 'text'",)
2017-06-28 15:38:55,463 [openphish.py  getTitleUrl 103] [ERROR]  timeout('timed out',)
2017-06-28 15:39:05,451 [openphish.py  getTitleUrl 103] [ERROR]  AttributeError("'NoneType' object has no attribute 'text'",)
2017-06-28 15:39:40,032 [openphish.py  getTitleUrl 103] [ERROR]  AttributeError("'NoneType' object has no attribute 'text'",)
2017-06-28 15:40:18,717 [dammit.py  __init__ 381] [WARNI]  Some characters could not be decoded, and were replaced with REPLACEMENT CHARACTER.
2017-06-28 15:40:26,780 [openphish.py  getTitleUrl 103] [ERROR]  AttributeError("'NoneType' object has no attribute 'text'",)
2017-06-28 15:40:31,910 [openphish.py  getTitleUrl 103] [ERROR]  AttributeError("'NoneType' object has no attribute 'text'",)
2017-06-28 15:41:16,346 [openphish.py  getTitleUrl 103] [ERROR]  AttributeError("'NoneType' object has no attribute 'text'",)
2017-06-28 15:41:16,527 [openphish.py  getTitleUrl 103] [ERROR]  AttributeError("'NoneType' object has no attribute 'text'",)
2017-06-28 15:41:16,708 [openphish.py  getTitleUrl 103] [ERROR]  AttributeError("'NoneType' object has no attribute 'text'",)
2017-06-28 15:41:16,886 [openphish.py  getTitleUrl 103] [ERROR]  AttributeError("'NoneType' object has no attribute 'text'",)
2017-06-28 15:41:23,333 [openphish.py  getTitleUrl 103] [ERROR]  timeout('timed out',)
2017-06-28 15:41:26,406 [openphish.py  getTitleUrl 103] [ERROR]  timeout('timed out',)
2017-06-28 15:41:29,473 [openphish.py  getTitleUrl 103] [ERROR]  timeout('timed out',)
2017-06-28 15:41:33,548 [openphish.py  getTitleUrl 103] [ERROR]  timeout('timed out',)
2017-06-28 15:41:38,640 [openphish.py  getTitleUrl 103] [ERROR]  timeout('timed out',)
2017-06-28 15:41:43,433 [openphish.py  getTitleUrl 103] [ERROR]  AttributeError("'NoneType' object has no attribute 'text'",)
2017-06-28 15:41:44,505 [openphish.py  getTitleUrl 103] [ERROR]  AttributeError("'NoneType' object has no attribute 'text'",)
2017-06-28 15:41:49,424 [openphish.py  getTitleUrl 103] [ERROR]  timeout('timed out',)
2017-06-28 15:42:24,745 [openphish.py  getTitleUrl 103] [ERROR]  AttributeError("'NoneType' object has no attribute 'text'",)
2017-06-28 15:42:34,718 [openphish.py  getTitleUrl 103] [ERROR]  AttributeError("'NoneType' object has no attribute 'text'",)
2017-06-28 15:42:35,079 [openphish.py  getTitleUrl 103] [ERROR]  AttributeError("'NoneType' object has no attribute 'text'",)
2017-06-28 15:42:35,424 [openphish.py  getTitleUrl 103] [ERROR]  AttributeError("'NoneType' object has no attribute 'text'",)
2017-06-28 15:42:35,760 [openphish.py  getTitleUrl 103] [ERROR]  AttributeError("'NoneType' object has no attribute 'text'",)
2017-06-28 15:42:36,097 [openphish.py  getTitleUrl 103] [ERROR]  AttributeError("'NoneType' object has no attribute 'text'",)
2017-06-28 15:42:36,443 [openphish.py  getTitleUrl 103] [ERROR]  AttributeError("'NoneType' object has no attribute 'text'",)
2017-06-28 15:42:54,365 [openphish.py  getTitleUrl 103] [ERROR]  timeout('timed out',)
2017-06-28 15:43:19,266 [openphish.py  getTitleUrl 103] [ERROR]  AttributeError("'NoneType' object has no attribute 'text'",)
2017-06-28 15:43:19,448 [openphish.py  getTitleUrl 103] [ERROR]  AttributeError("'NoneType' object has no attribute 'text'",)
2017-06-28 15:43:41,057 [openphish.py  getTitleUrl 103] [ERROR]  timeout('timed out',)
2017-06-28 15:44:05,627 [openphish.py  getTitleUrl 103] [ERROR]  AttributeError("'NoneType' object has no attribute 'text'",)
2017-06-28 15:44:12,456 [openphish.py  getTitleUrl 103] [ERROR]  AttributeError("'NoneType' object has no attribute 'text'",)
2017-06-28 15:45:59,115 [openphish.py  getTitleUrl 103] [ERROR]  timeout('timed out',)
2017-06-28 15:46:01,865 [openphish.py  getTitleUrl 103] [ERROR]  AttributeError("'NoneType' object has no attribute 'text'",)
2017-06-28 15:46:02,216 [openphish.py  getTitleUrl 103] [ERROR]  AttributeError("'NoneType' object has no attribute 'text'",)
2017-06-28 15:46:02,561 [openphish.py  getTitleUrl 103] [ERROR]  AttributeError("'NoneType' object has no attribute 'text'",)
2017-06-28 15:46:02,906 [openphish.py  getTitleUrl 103] [ERROR]  AttributeError("'NoneType' object has no attribute 'text'",)
2017-06-28 15:46:03,249 [openphish.py  getTitleUrl 103] [ERROR]  AttributeError("'NoneType' object has no attribute 'text'",)
2017-06-28 15:46:03,600 [openphish.py  getTitleUrl 103] [ERROR]  AttributeError("'NoneType' object has no attribute 'text'",)
2017-06-28 15:46:29,087 [openphish.py  getTitleUrl 103] [ERROR]  timeout('timed out',)
2017-06-28 15:46:57,876 [openphish.py  getTitleUrl 103] [ERROR]  AttributeError("'NoneType' object has no attribute 'text'",)
2017-06-28 15:47:51,433 [openphish.py  getTitleUrl 103] [ERROR]  timeout('timed out',)
2017-06-28 15:48:03,723 [openphish.py  getIntelligent 46] [INFO ]  source link is available
2017-06-28 15:48:20,985 [openphish.py  getIntelligent 46] [INFO ]  source link is available
2017-06-28 15:48:22,242 [dbmanagment.py  conectdb 32] [INFO ]  Connected MongoDB 
2017-06-28 15:48:43,030 [openphish.py  getIntelligent 46] [INFO ]  source link is available
2017-06-28 15:48:44,328 [dbmanagment.py  conectdb 32] [INFO ]  Connected MongoDB 
2017-06-28 15:48:52,462 [dbmanagment.py  insertmany 104] [INFO ]  95 number items duplicated,so trying update  theses
2017-06-28 15:49:47,841 [openphish.py  getIntelligent 46] [INFO ]  source link is available
2017-06-28 15:50:52,967 [openphish.py  getTitleUrl 108] [ERROR]  AttributeError("'NoneType' object has no attribute 'text'",)
2017-06-28 15:51:13,352 [openphish.py  getTitleUrl 108] [ERROR]  AttributeError("'NoneType' object has no attribute 'text'",)
2017-06-28 15:51:16,031 [openphish.py  getTitleUrl 108] [ERROR]  AttributeError("'NoneType' object has no attribute 'text'",)
2017-06-28 15:51:51,538 [openphish.py  getTitleUrl 108] [ERROR]  timeout('timed out',)
2017-06-28 15:52:01,661 [openphish.py  getTitleUrl 108] [ERROR]  AttributeError("'NoneType' object has no attribute 'text'",)
2017-06-28 15:52:16,959 [openphish.py  getTitleUrl 108] [ERROR]  timeout('timed out',)
2017-06-28 15:52:18,254 [openphish.py  getTitleUrl 108] [ERROR]  AttributeError("'NoneType' object has no attribute 'text'",)
2017-06-28 15:52:25,464 [openphish.py  getTitleUrl 108] [ERROR]  AttributeError("'NoneType' object has no attribute 'text'",)
2017-06-28 15:52:26,793 [openphish.py  getTitleUrl 108] [ERROR]  AttributeError("'NoneType' object has no attribute 'text'",)
2017-06-28 15:52:32,516 [openphish.py  getTitleUrl 108] [ERROR]  timeout('timed out',)
2017-06-28 15:52:42,287 [openphish.py  getTitleUrl 108] [ERROR]  AttributeError("'NoneType' object has no attribute 'text'",)
2017-06-28 15:53:18,279 [openphish.py  getTitleUrl 108] [ERROR]  timeout('timed out',)
2017-06-28 15:53:54,124 [dammit.py  __init__ 381] [WARNI]  Some characters could not be decoded, and were replaced with REPLACEMENT CHARACTER.
2017-06-28 15:53:59,763 [openphish.py  getTitleUrl 108] [ERROR]  timeout('timed out',)
2017-06-28 15:54:04,419 [openphish.py  getTitleUrl 108] [ERROR]  AttributeError("'NoneType' object has no attribute 'text'",)
2017-06-28 15:54:09,942 [openphish.py  getTitleUrl 108] [ERROR]  AttributeError("'NoneType' object has no attribute 'text'",)
2017-06-28 15:54:49,192 [openphish.py  getTitleUrl 108] [ERROR]  AttributeError("'NoneType' object has no attribute 'text'",)
2017-06-28 15:54:49,370 [openphish.py  getTitleUrl 108] [ERROR]  AttributeError("'NoneType' object has no attribute 'text'",)
2017-06-28 15:54:49,549 [openphish.py  getTitleUrl 108] [ERROR]  AttributeError("'NoneType' object has no attribute 'text'",)
2017-06-28 15:54:49,728 [openphish.py  getTitleUrl 108] [ERROR]  AttributeError("'NoneType' object has no attribute 'text'",)
2017-06-28 15:55:01,059 [openphish.py  getTitleUrl 108] [ERROR]  AttributeError("'NoneType' object has no attribute 'text'",)
2017-06-28 15:55:02,009 [openphish.py  getTitleUrl 108] [ERROR]  AttributeError("'NoneType' object has no attribute 'text'",)
2017-06-28 15:55:30,569 [openphish.py  getTitleUrl 108] [ERROR]  timeout('timed out',)
2017-06-28 15:55:39,757 [openphish.py  getTitleUrl 108] [ERROR]  AttributeError("'NoneType' object has no attribute 'text'",)
2017-06-28 15:55:48,618 [openphish.py  getTitleUrl 108] [ERROR]  AttributeError("'NoneType' object has no attribute 'text'",)
2017-06-28 15:55:48,980 [openphish.py  getTitleUrl 108] [ERROR]  AttributeError("'NoneType' object has no attribute 'text'",)
2017-06-28 15:55:49,337 [openphish.py  getTitleUrl 108] [ERROR]  AttributeError("'NoneType' object has no attribute 'text'",)
2017-06-28 15:55:49,687 [openphish.py  getTitleUrl 108] [ERROR]  AttributeError("'NoneType' object has no attribute 'text'",)
2017-06-28 15:55:50,030 [openphish.py  getTitleUrl 108] [ERROR]  AttributeError("'NoneType' object has no attribute 'text'",)
2017-06-28 15:55:50,397 [openphish.py  getTitleUrl 108] [ERROR]  AttributeError("'NoneType' object has no attribute 'text'",)
2017-06-28 15:56:29,914 [openphish.py  getTitleUrl 108] [ERROR]  AttributeError("'NoneType' object has no attribute 'text'",)
2017-06-28 15:56:30,096 [openphish.py  getTitleUrl 108] [ERROR]  AttributeError("'NoneType' object has no attribute 'text'",)
2017-06-28 15:56:50,662 [openphish.py  getTitleUrl 108] [ERROR]  timeout('timed out',)
2017-06-28 15:57:12,548 [openphish.py  getTitleUrl 108] [ERROR]  AttributeError("'NoneType' object has no attribute 'text'",)
2017-06-28 15:57:19,095 [openphish.py  getTitleUrl 108] [ERROR]  AttributeError("'NoneType' object has no attribute 'text'",)
2017-06-28 15:59:01,235 [openphish.py  getTitleUrl 108] [ERROR]  AttributeError("'NoneType' object has no attribute 'text'",)
2017-06-28 15:59:01,586 [openphish.py  getTitleUrl 108] [ERROR]  AttributeError("'NoneType' object has no attribute 'text'",)
2017-06-28 15:59:01,937 [openphish.py  getTitleUrl 108] [ERROR]  AttributeError("'NoneType' object has no attribute 'text'",)
2017-06-28 15:59:02,294 [openphish.py  getTitleUrl 108] [ERROR]  AttributeError("'NoneType' object has no attribute 'text'",)
2017-06-28 15:59:02,676 [openphish.py  getTitleUrl 108] [ERROR]  AttributeError("'NoneType' object has no attribute 'text'",)
2017-06-28 15:59:03,019 [openphish.py  getTitleUrl 108] [ERROR]  AttributeError("'NoneType' object has no attribute 'text'",)
2017-06-28 15:59:54,197 [openphish.py  getTitleUrl 108] [ERROR]  AttributeError("'NoneType' object has no attribute 'text'",)
2017-06-28 16:00:54,820 [openphish.py  getTitleUrl 108] [ERROR]  AttributeError("'NoneType' object has no attribute 'text'",)
2017-06-28 16:01:00,032 [openphish.py  getTitleUrl 108] [ERROR]  AttributeError("'NoneType' object has no attribute 'text'",)
2017-06-28 16:01:08,432 [openphish.py  getTitleUrl 108] [ERROR]  AttributeError("'NoneType' object has no attribute 'text'",)
2017-06-28 16:01:12,726 [openphish.py  getTitleUrl 108] [ERROR]  timeout('timed out',)
2017-06-28 16:01:32,988 [openphish.py  getTitleUrl 108] [ERROR]  ConnectionResetError(54, 'Connection reset by peer')
2017-06-28 16:01:33,552 [openphish.py  getTitleUrl 108] [ERROR]  ConnectionResetError(54, 'Connection reset by peer')
2017-06-28 16:01:44,747 [dammit.py  __init__ 381] [WARNI]  Some characters could not be decoded, and were replaced with REPLACEMENT CHARACTER.
2017-06-28 16:02:29,507 [openphish.py  getTitleUrl 108] [ERROR]  timeout('timed out',)
2017-06-28 16:02:47,042 [openphish.py  getTitleUrl 108] [ERROR]  AttributeError("'NoneType' object has no attribute 'text'",)
2017-06-28 16:02:53,252 [openphish.py  getTitleUrl 108] [ERROR]  AttributeError("'NoneType' object has no attribute 'text'",)
2017-06-28 16:03:29,466 [openphish.py  getTitleUrl 108] [ERROR]  AttributeError("'NoneType' object has no attribute 'text'",)
2017-06-28 16:03:58,636 [openphish.py  getTitleUrl 108] [ERROR]  timeout('timed out',)
2017-06-28 16:04:06,521 [dammit.py  __init__ 381] [WARNI]  Some characters could not be decoded, and were replaced with REPLACEMENT CHARACTER.
2017-06-28 16:04:19,464 [openphish.py  getTitleUrl 108] [ERROR]  AttributeError("'NoneType' object has no attribute 'text'",)
2017-06-28 16:04:26,264 [openphish.py  getTitleUrl 108] [ERROR]  timeout('timed out',)
2017-06-28 16:04:29,527 [openphish.py  getTitleUrl 108] [ERROR]  timeout('timed out',)
2017-06-28 16:04:32,802 [openphish.py  getTitleUrl 108] [ERROR]  timeout('timed out',)
2017-06-28 16:06:02,080 [openphish.py  getTitleUrl 108] [ERROR]  timeout('timed out',)
2017-06-28 16:06:27,569 [openphish.py  getTitleUrl 108] [ERROR]  AttributeError("'NoneType' object has no attribute 'text'",)
2017-06-28 16:07:39,668 [openphish.py  getTitleUrl 108] [ERROR]  AttributeError("'NoneType' object has no attribute 'text'",)
2017-06-28 16:07:49,616 [openphish.py  getTitleUrl 108] [ERROR]  AttributeError("'NoneType' object has no attribute 'text'",)
2017-06-28 16:07:58,222 [openphish.py  getTitleUrl 108] [ERROR]  timeout('timed out',)
2017-06-28 16:08:30,977 [openphish.py  getTitleUrl 108] [ERROR]  AttributeError("'NoneType' object has no attribute 'text'",)
2017-06-28 16:08:33,118 [openphish.py  getTitleUrl 108] [ERROR]  AttributeError("'NoneType' object has no attribute 'text'",)
2017-06-28 16:08:38,127 [openphish.py  getTitleUrl 108] [ERROR]  AttributeError("'NoneType' object has no attribute 'text'",)
2017-06-28 16:08:56,175 [openphish.py  getTitleUrl 108] [ERROR]  AttributeError("'NoneType' object has no attribute 'text'",)
2017-06-28 16:09:00,124 [openphish.py  getTitleUrl 108] [ERROR]  AttributeError("'NoneType' object has no attribute 'text'",)
2017-06-28 16:09:02,446 [openphish.py  getTitleUrl 108] [ERROR]  AttributeError("'NoneType' object has no attribute 'text'",)
2017-06-28 16:09:03,398 [openphish.py  getTitleUrl 108] [ERROR]  AttributeError("'NoneType' object has no attribute 'text'",)
2017-06-28 16:09:03,957 [openphish.py  getTitleUrl 108] [ERROR]  AttributeError("'NoneType' object has no attribute 'text'",)
2017-06-28 16:09:15,947 [openphish.py  getTitleUrl 108] [ERROR]  timeout('timed out',)
2017-06-28 16:09:35,372 [openphish.py  getTitleUrl 108] [ERROR]  AttributeError("'NoneType' object has no attribute 'text'",)
2017-06-28 16:10:50,118 [openphish.py  getTitleUrl 108] [ERROR]  timeout('timed out',)
2017-06-28 16:10:56,566 [openphish.py  getTitleUrl 108] [ERROR]  AttributeError("'NoneType' object has no attribute 'text'",)
2017-06-28 16:11:26,865 [openphish.py  getTitleUrl 108] [ERROR]  AttributeError("'NoneType' object has no attribute 'text'",)
2017-06-28 16:11:43,941 [dammit.py  __init__ 381] [WARNI]  Some characters could not be decoded, and were replaced with REPLACEMENT CHARACTER.
2017-06-28 16:12:11,612 [dammit.py  __init__ 381] [WARNI]  Some characters could not be decoded, and were replaced with REPLACEMENT CHARACTER.
2017-06-28 16:12:23,545 [openphish.py  getTitleUrl 108] [ERROR]  AttributeError("'NoneType' object has no attribute 'text'",)
2017-06-28 16:13:33,671 [openphish.py  getTitleUrl 108] [ERROR]  AttributeError("'NoneType' object has no attribute 'text'",)
2017-06-28 16:13:34,785 [openphish.py  getTitleUrl 108] [ERROR]  AttributeError("'NoneType' object has no attribute 'text'",)
2017-06-28 16:13:35,077 [openphish.py  getTitleUrl 108] [ERROR]  AttributeError("'NoneType' object has no attribute 'text'",)
2017-06-28 16:13:45,548 [openphish.py  getTitleUrl 108] [ERROR]  AttributeError("'NoneType' object has no attribute 'text'",)
2017-06-28 16:15:25,059 [openphish.py  getTitleUrl 108] [ERROR]  AttributeError("'NoneType' object has no attribute 'text'",)
2017-06-28 16:15:41,939 [dammit.py  __init__ 381] [WARNI]  Some characters could not be decoded, and were replaced with REPLACEMENT CHARACTER.
2017-06-28 16:16:45,840 [openphish.py  getTitleUrl 108] [ERROR]  AttributeError("'NoneType' object has no attribute 'text'",)
2017-06-28 16:16:47,480 [openphish.py  getTitleUrl 108] [ERROR]  AttributeError("'NoneType' object has no attribute 'text'",)
2017-06-28 16:17:07,264 [openphish.py  getTitleUrl 108] [ERROR]  AttributeError("'NoneType' object has no attribute 'text'",)
2017-06-28 16:17:25,527 [openphish.py  getTitleUrl 108] [ERROR]  timeout('timed out',)
2017-06-28 16:17:58,697 [openphish.py  getTitleUrl 108] [ERROR]  AttributeError("'NoneType' object has no attribute 'text'",)
2017-06-28 16:18:02,565 [openphish.py  getTitleUrl 108] [ERROR]  AttributeError("'NoneType' object has no attribute 'text'",)
2017-06-28 16:18:12,311 [openphish.py  getTitleUrl 108] [ERROR]  AttributeError("'NoneType' object has no attribute 'text'",)
2017-06-28 16:18:27,568 [openphish.py  getTitleUrl 108] [ERROR]  AttributeError("'NoneType' object has no attribute 'text'",)
2017-06-28 16:18:29,190 [openphish.py  getTitleUrl 108] [ERROR]  AttributeError("'NoneType' object has no attribute 'text'",)
2017-06-28 16:19:05,014 [openphish.py  getTitleUrl 108] [ERROR]  AttributeError("'NoneType' object has no attribute 'text'",)
2017-06-28 16:19:52,588 [openphish.py  getTitleUrl 108] [ERROR]  AttributeError("'NoneType' object has no attribute 'text'",)
2017-06-28 16:19:54,851 [openphish.py  getTitleUrl 108] [ERROR]  CertificateError("hostname '202.191.62.204' doesn't match either of '*.ezyreg.com', 'ezyreg.com'",)
2017-06-28 16:23:54,808 [openphish.py  getTitleUrl 108] [ERROR]  AttributeError("'NoneType' object has no attribute 'text'",)
2017-06-28 16:23:59,178 [openphish.py  getTitleUrl 108] [ERROR]  AttributeError("'NoneType' object has no attribute 'text'",)
2017-06-28 16:24:03,841 [openphish.py  getTitleUrl 108] [ERROR]  AttributeError("'NoneType' object has no attribute 'text'",)
2017-06-28 16:24:04,022 [openphish.py  getTitleUrl 108] [ERROR]  AttributeError("'NoneType' object has no attribute 'text'",)
2017-06-28 16:24:04,801 [openphish.py  getTitleUrl 108] [ERROR]  AttributeError("'NoneType' object has no attribute 'text'",)
2017-06-28 16:24:19,034 [openphish.py  getTitleUrl 108] [ERROR]  AttributeError("'NoneType' object has no attribute 'text'",)
2017-06-28 16:24:22,202 [openphish.py  getTitleUrl 108] [ERROR]  AttributeError("'NoneType' object has no attribute 'text'",)
2017-06-28 16:25:01,917 [openphish.py  getTitleUrl 108] [ERROR]  timeout('timed out',)
2017-06-28 16:26:04,547 [openphish.py  getTitleUrl 108] [ERROR]  AttributeError("'NoneType' object has no attribute 'text'",)
2017-06-28 16:26:34,945 [openphish.py  getTitleUrl 108] [ERROR]  AttributeError("'NoneType' object has no attribute 'text'",)
2017-06-28 16:27:02,134 [openphish.py  getTitleUrl 108] [ERROR]  AttributeError("'NoneType' object has no attribute 'text'",)
2017-06-28 16:27:07,713 [openphish.py  getTitleUrl 108] [ERROR]  timeout('timed out',)
2017-06-28 16:28:04,558 [openphish.py  getTitleUrl 108] [ERROR]  AttributeError("'NoneType' object has no attribute 'text'",)
2017-06-28 16:28:17,888 [openphish.py  getTitleUrl 108] [ERROR]  timeout('timed out',)
2017-06-28 16:28:27,626 [openphish.py  getTitleUrl 108] [ERROR]  timeout('timed out',)
2017-06-28 16:28:59,234 [openphish.py  getTitleUrl 108] [ERROR]  AttributeError("'NoneType' object has no attribute 'text'",)
2017-06-28 16:30:09,129 [openphish.py  getTitleUrl 108] [ERROR]  AttributeError("'NoneType' object has no attribute 'text'",)
2017-06-28 16:30:21,823 [openphish.py  getTitleUrl 108] [ERROR]  timeout('timed out',)
2017-06-28 16:30:33,945 [openphish.py  getTitleUrl 108] [ERROR]  AttributeError("'NoneType' object has no attribute 'text'",)
2017-06-28 16:30:56,430 [openphish.py  getTitleUrl 108] [ERROR]  AttributeError("'NoneType' object has no attribute 'text'",)
2017-06-28 16:31:10,133 [openphish.py  getTitleUrl 108] [ERROR]  AttributeError("'NoneType' object has no attribute 'text'",)
2017-06-28 16:31:38,042 [openphish.py  getTitleUrl 108] [ERROR]  CertificateError("hostname 'limited.ns12-wistee.fr' doesn't match either of '*.wistee.fr', 'wistee.fr'",)
2017-06-28 16:31:51,469 [dammit.py  __init__ 381] [WARNI]  Some characters could not be decoded, and were replaced with REPLACEMENT CHARACTER.
2017-06-28 16:34:06,362 [openphish.py  getTitleUrl 108] [ERROR]  AttributeError("'NoneType' object has no attribute 'text'",)
2017-06-28 16:34:29,843 [dammit.py  __init__ 381] [WARNI]  Some characters could not be decoded, and were replaced with REPLACEMENT CHARACTER.
2017-06-28 16:34:50,527 [openphish.py  getTitleUrl 108] [ERROR]  timeout('timed out',)
2017-06-28 16:34:56,541 [openphish.py  getTitleUrl 108] [ERROR]  AttributeError("'NoneType' object has no attribute 'text'",)
2017-06-28 16:35:45,085 [openphish.py  getTitleUrl 108] [ERROR]  AttributeError("'NoneType' object has no attribute 'text'",)
2017-06-28 16:35:48,661 [dammit.py  __init__ 381] [WARNI]  Some characters could not be decoded, and were replaced with REPLACEMENT CHARACTER.
2017-06-28 16:35:52,767 [openphish.py  getTitleUrl 108] [ERROR]  AttributeError("'NoneType' object has no attribute 'text'",)
2017-06-28 16:36:39,117 [openphish.py  getTitleUrl 108] [ERROR]  AttributeError("'NoneType' object has no attribute 'text'",)
2017-06-28 16:38:48,725 [openphish.py  getTitleUrl 108] [ERROR]  AttributeError("'NoneType' object has no attribute 'text'",)
2017-06-28 16:39:04,775 [openphish.py  getTitleUrl 108] [ERROR]  AttributeError("'NoneType' object has no attribute 'text'",)
2017-06-28 16:40:29,456 [openphish.py  getTitleUrl 108] [ERROR]  AttributeError("'NoneType' object has no attribute 'text'",)
2017-06-28 16:45:19,601 [openphish.py  getTitleUrl 108] [ERROR]  AttributeError("'NoneType' object has no attribute 'text'",)
2017-06-28 16:46:33,219 [openphish.py  getTitleUrl 108] [ERROR]  AttributeError("'NoneType' object has no attribute 'text'",)
2017-06-28 16:46:40,090 [openphish.py  getTitleUrl 108] [ERROR]  AttributeError("'NoneType' object has no attribute 'text'",)
2017-06-28 16:48:16,524 [openphish.py  getTitleUrl 108] [ERROR]  AttributeError("'NoneType' object has no attribute 'text'",)
2017-06-28 16:52:16,687 [openphish.py  getTitleUrl 108] [ERROR]  AttributeError("'NoneType' object has no attribute 'text'",)
2017-06-28 16:52:18,637 [openphish.py  getTitleUrl 108] [ERROR]  AttributeError("'NoneType' object has no attribute 'text'",)
2017-06-28 16:52:41,405 [openphish.py  getTitleUrl 108] [ERROR]  timeout('timed out',)
2017-06-28 16:52:52,803 [openphish.py  getTitleUrl 108] [ERROR]  timeout('timed out',)
2017-06-28 16:52:56,038 [openphish.py  getTitleUrl 108] [ERROR]  timeout('timed out',)
2017-06-28 16:52:59,273 [openphish.py  getTitleUrl 108] [ERROR]  timeout('timed out',)
2017-06-28 16:53:20,654 [openphish.py  getTitleUrl 108] [ERROR]  AttributeError("'NoneType' object has no attribute 'text'",)
2017-06-28 16:53:25,605 [openphish.py  getTitleUrl 108] [ERROR]  AttributeError("'NoneType' object has no attribute 'text'",)
2017-06-28 16:53:38,929 [openphish.py  getTitleUrl 108] [ERROR]  AttributeError("'NoneType' object has no attribute 'text'",)
2017-06-28 16:53:40,658 [dammit.py  __init__ 381] [WARNI]  Some characters could not be decoded, and were replaced with REPLACEMENT CHARACTER.
2017-06-28 16:55:12,113 [openphish.py  getTitleUrl 108] [ERROR]  AttributeError("'NoneType' object has no attribute 'text'",)
2017-06-28 16:55:19,679 [openphish.py  getTitleUrl 108] [ERROR]  AttributeError("'NoneType' object has no attribute 'text'",)
2017-06-28 16:55:19,860 [openphish.py  getTitleUrl 108] [ERROR]  AttributeError("'NoneType' object has no attribute 'text'",)
2017-06-28 16:55:31,141 [openphish.py  getTitleUrl 108] [ERROR]  CertificateError("hostname '202.191.62.204' doesn't match either of '*.ezyreg.com', 'ezyreg.com'",)
2017-06-28 16:55:44,907 [openphish.py  getTitleUrl 108] [ERROR]  AttributeError("'NoneType' object has no attribute 'text'",)
2017-06-28 16:55:48,541 [openphish.py  getTitleUrl 108] [ERROR]  AttributeError("'NoneType' object has no attribute 'text'",)
2017-06-28 16:55:48,724 [openphish.py  getTitleUrl 108] [ERROR]  AttributeError("'NoneType' object has no attribute 'text'",)
2017-06-28 16:56:23,479 [openphish.py  getTitleUrl 108] [ERROR]  timeout('timed out',)
2017-06-28 16:56:24,314 [openphish.py  getTitleUrl 108] [ERROR]  AttributeError("'NoneType' object has no attribute 'text'",)
2017-06-28 16:56:24,495 [openphish.py  getTitleUrl 108] [ERROR]  AttributeError("'NoneType' object has no attribute 'text'",)
2017-06-28 16:56:24,674 [openphish.py  getTitleUrl 108] [ERROR]  AttributeError("'NoneType' object has no attribute 'text'",)
2017-06-28 16:56:24,853 [openphish.py  getTitleUrl 108] [ERROR]  AttributeError("'NoneType' object has no attribute 'text'",)
2017-06-28 16:56:25,032 [openphish.py  getTitleUrl 108] [ERROR]  AttributeError("'NoneType' object has no attribute 'text'",)
2017-06-28 16:56:25,212 [openphish.py  getTitleUrl 108] [ERROR]  AttributeError("'NoneType' object has no attribute 'text'",)
2017-06-28 16:56:25,391 [openphish.py  getTitleUrl 108] [ERROR]  AttributeError("'NoneType' object has no attribute 'text'",)
2017-06-28 16:56:25,570 [openphish.py  getTitleUrl 108] [ERROR]  AttributeError("'NoneType' object has no attribute 'text'",)
2017-06-28 16:56:39,732 [openphish.py  getTitleUrl 108] [ERROR]  timeout('timed out',)
2017-06-28 16:56:53,675 [openphish.py  getTitleUrl 108] [ERROR]  AttributeError("'NoneType' object has no attribute 'text'",)
2017-06-28 16:57:01,587 [openphish.py  getTitleUrl 108] [ERROR]  ConnectionResetError(54, 'Connection reset by peer')
2017-06-28 16:57:28,567 [openphish.py  getTitleUrl 108] [ERROR]  timeout('timed out',)
2017-06-28 16:57:44,528 [openphish.py  getTitleUrl 108] [ERROR]  AttributeError("'NoneType' object has no attribute 'text'",)
2017-06-28 16:58:22,436 [openphish.py  getTitleUrl 108] [ERROR]  AttributeError("'NoneType' object has no attribute 'text'",)
2017-06-28 16:58:47,072 [openphish.py  getTitleUrl 108] [ERROR]  timeout('timed out',)
2017-06-28 16:58:52,123 [openphish.py  getTitleUrl 108] [ERROR]  timeout('timed out',)
2017-06-28 16:59:01,712 [openphish.py  getTitleUrl 108] [ERROR]  AttributeError("'NoneType' object has no attribute 'text'",)
2017-06-28 16:59:06,560 [dammit.py  __init__ 381] [WARNI]  Some characters could not be decoded, and were replaced with REPLACEMENT CHARACTER.
2017-06-28 16:59:20,102 [dammit.py  __init__ 381] [WARNI]  Some characters could not be decoded, and were replaced with REPLACEMENT CHARACTER.
2017-06-28 16:59:27,605 [openphish.py  getTitleUrl 108] [ERROR]  timeout('timed out',)
2017-06-28 16:59:48,317 [openphish.py  getTitleUrl 108] [ERROR]  timeout('timed out',)
2017-06-28 16:59:51,742 [openphish.py  getTitleUrl 108] [ERROR]  timeout('timed out',)
2017-06-28 16:59:55,226 [openphish.py  getTitleUrl 108] [ERROR]  timeout('timed out',)
2017-06-28 16:59:58,647 [openphish.py  getTitleUrl 108] [ERROR]  timeout('timed out',)
2017-06-28 17:00:02,073 [openphish.py  getTitleUrl 108] [ERROR]  timeout('timed out',)
2017-06-28 17:00:05,506 [openphish.py  getTitleUrl 108] [ERROR]  timeout('timed out',)
2017-06-28 17:00:08,926 [openphish.py  getTitleUrl 108] [ERROR]  timeout('timed out',)
2017-06-28 17:00:12,356 [openphish.py  getTitleUrl 108] [ERROR]  timeout('timed out',)
2017-06-28 17:00:15,793 [openphish.py  getTitleUrl 108] [ERROR]  timeout('timed out',)
2017-06-28 17:00:19,212 [openphish.py  getTitleUrl 108] [ERROR]  timeout('timed out',)
2017-06-28 17:00:23,549 [openphish.py  getTitleUrl 108] [ERROR]  timeout('timed out',)
2017-06-28 17:00:24,441 [openphish.py  getTitleUrl 108] [ERROR]  AttributeError("'NoneType' object has no attribute 'text'",)
2017-06-28 17:01:24,928 [dammit.py  __init__ 381] [WARNI]  Some characters could not be decoded, and were replaced with REPLACEMENT CHARACTER.
2017-06-28 17:01:34,459 [openphish.py  getTitleUrl 108] [ERROR]  timeout('timed out',)
2017-06-28 17:01:57,418 [dammit.py  __init__ 381] [WARNI]  Some characters could not be decoded, and were replaced with REPLACEMENT CHARACTER.
2017-06-28 17:02:07,952 [openphish.py  getTitleUrl 108] [ERROR]  timeout('timed out',)
2017-06-28 17:02:11,530 [openphish.py  getTitleUrl 108] [ERROR]  timeout('timed out',)
2017-06-28 17:02:13,606 [openphish.py  getTitleUrl 108] [ERROR]  AttributeError("'NoneType' object has no attribute 'text'",)
2017-06-28 17:02:45,033 [openphish.py  getTitleUrl 108] [ERROR]  AttributeError("'NoneType' object has no attribute 'text'",)
2017-06-28 17:02:53,234 [openphish.py  getTitleUrl 108] [ERROR]  timeout('timed out',)
2017-06-28 17:03:05,854 [openphish.py  getTitleUrl 108] [ERROR]  AttributeError("'NoneType' object has no attribute 'text'",)
2017-06-28 17:03:18,122 [openphish.py  getTitleUrl 108] [ERROR]  AttributeError("'NoneType' object has no attribute 'text'",)
2017-06-28 17:03:18,626 [openphish.py  getTitleUrl 108] [ERROR]  AttributeError("'NoneType' object has no attribute 'text'",)
2017-06-28 17:03:24,562 [dammit.py  __init__ 381] [WARNI]  Some characters could not be decoded, and were replaced with REPLACEMENT CHARACTER.
2017-06-28 17:03:25,072 [dammit.py  __init__ 381] [WARNI]  Some characters could not be decoded, and were replaced with REPLACEMENT CHARACTER.
2017-06-28 17:06:37,885 [openphish.py  getTitleUrl 108] [ERROR]  AttributeError("'NoneType' object has no attribute 'text'",)
2017-06-28 17:06:41,311 [openphish.py  getTitleUrl 108] [ERROR]  AttributeError("'NoneType' object has no attribute 'text'",)
2017-06-28 17:16:52,554 [openphish.py  getTitleUrl 108] [ERROR]  timeout('timed out',)
2017-06-28 17:17:04,903 [openphish.py  getTitleUrl 108] [ERROR]  AttributeError("'NoneType' object has no attribute 'text'",)
2017-06-28 17:17:06,121 [openphish.py  getTitleUrl 108] [ERROR]  AttributeError("'NoneType' object has no attribute 'text'",)
2017-06-28 17:17:17,790 [openphish.py  getTitleUrl 108] [ERROR]  AttributeError("'NoneType' object has no attribute 'text'",)
2017-06-28 17:17:30,657 [openphish.py  getTitleUrl 108] [ERROR]  AttributeError("'NoneType' object has no attribute 'text'",)
2017-06-28 17:17:31,981 [openphish.py  getTitleUrl 108] [ERROR]  AttributeError("'NoneType' object has no attribute 'text'",)
2017-06-28 17:17:38,977 [openphish.py  getTitleUrl 108] [ERROR]  AttributeError("'NoneType' object has no attribute 'text'",)
2017-06-28 17:17:49,846 [openphish.py  getTitleUrl 108] [ERROR]  AttributeError("'NoneType' object has no attribute 'text'",)
2017-06-28 17:18:03,419 [openphish.py  getTitleUrl 108] [ERROR]  timeout('timed out',)
2017-06-28 17:18:05,847 [openphish.py  getTitleUrl 108] [ERROR]  AttributeError("'NoneType' object has no attribute 'text'",)
2017-06-28 17:18:11,994 [openphish.py  getTitleUrl 108] [ERROR]  AttributeError("'NoneType' object has no attribute 'text'",)
2017-06-28 17:18:16,061 [openphish.py  getTitleUrl 108] [ERROR]  AttributeError("'NoneType' object has no attribute 'text'",)
2017-06-28 17:18:18,346 [openphish.py  getTitleUrl 108] [ERROR]  AttributeError("'NoneType' object has no attribute 'text'",)
2017-06-28 17:18:36,377 [openphish.py  getTitleUrl 108] [ERROR]  timeout('timed out',)
2017-06-28 17:18:39,539 [openphish.py  getTitleUrl 108] [ERROR]  timeout('timed out',)
2017-06-28 17:18:45,096 [openphish.py  getTitleUrl 108] [ERROR]  AttributeError("'NoneType' object has no attribute 'text'",)
2017-06-28 17:18:48,564 [dammit.py  __init__ 381] [WARNI]  Some characters could not be decoded, and were replaced with REPLACEMENT CHARACTER.
2017-06-28 17:18:54,713 [dammit.py  __init__ 381] [WARNI]  Some characters could not be decoded, and were replaced with REPLACEMENT CHARACTER.
2017-06-28 17:18:59,818 [openphish.py  getTitleUrl 108] [ERROR]  timeout('timed out',)
2017-06-28 17:20:14,047 [openphish.py  getTitleUrl 108] [ERROR]  timeout('timed out',)
2017-06-28 17:21:05,702 [openphish.py  getTitleUrl 108] [ERROR]  timeout('timed out',)
2017-06-28 17:22:02,482 [openphish.py  getTitleUrl 108] [ERROR]  AttributeError("'NoneType' object has no attribute 'text'",)
2017-06-28 17:22:39,165 [openphish.py  getTitleUrl 108] [ERROR]  AttributeError("'NoneType' object has no attribute 'text'",)
2017-06-28 17:22:50,041 [openphish.py  getTitleUrl 108] [ERROR]  AttributeError("'NoneType' object has no attribute 'text'",)
2017-06-28 17:23:08,833 [openphish.py  getTitleUrl 108] [ERROR]  AttributeError("'NoneType' object has no attribute 'text'",)
2017-06-28 17:23:14,323 [openphish.py  getTitleUrl 108] [ERROR]  timeout('timed out',)
2017-06-28 17:23:37,237 [openphish.py  getTitleUrl 108] [ERROR]  AttributeError("'NoneType' object has no attribute 'text'",)
2017-06-28 17:24:18,512 [openphish.py  getTitleUrl 108] [ERROR]  AttributeError("'NoneType' object has no attribute 'text'",)
2017-06-28 17:25:31,063 [openphish.py  getTitleUrl 108] [ERROR]  AttributeError("'NoneType' object has no attribute 'text'",)
2017-06-28 17:25:40,927 [openphish.py  getTitleUrl 108] [ERROR]  AttributeError("'NoneType' object has no attribute 'text'",)
2017-06-28 17:27:39,552 [openphish.py  getTitleUrl 108] [ERROR]  AttributeError("'NoneType' object has no attribute 'text'",)
2017-06-28 17:27:40,635 [openphish.py  getTitleUrl 108] [ERROR]  AttributeError("'NoneType' object has no attribute 'text'",)
2017-06-28 17:27:41,211 [openphish.py  getTitleUrl 108] [ERROR]  AttributeError("'NoneType' object has no attribute 'text'",)
2017-06-28 17:27:53,375 [openphish.py  getTitleUrl 108] [ERROR]  timeout('timed out',)
2017-06-28 17:27:57,013 [openphish.py  getTitleUrl 108] [ERROR]  AttributeError("'NoneType' object has no attribute 'text'",)
2017-06-28 17:28:00,148 [openphish.py  getTitleUrl 108] [ERROR]  AttributeError("'NoneType' object has no attribute 'text'",)
2017-06-28 17:28:02,047 [openphish.py  getTitleUrl 108] [ERROR]  AttributeError("'NoneType' object has no attribute 'text'",)
2017-06-28 17:28:05,938 [openphish.py  getTitleUrl 108] [ERROR]  timeout('timed out',)
2017-06-28 17:28:28,026 [openphish.py  getTitleUrl 108] [ERROR]  AttributeError("'NoneType' object has no attribute 'text'",)
2017-06-28 17:28:30,293 [openphish.py  getTitleUrl 108] [ERROR]  AttributeError("'NoneType' object has no attribute 'text'",)
2017-06-28 17:28:54,806 [openphish.py  getTitleUrl 108] [ERROR]  timeout('timed out',)
2017-06-28 17:28:58,338 [openphish.py  getTitleUrl 108] [ERROR]  timeout('timed out',)
2017-06-28 17:29:01,772 [openphish.py  getTitleUrl 108] [ERROR]  timeout('timed out',)
2017-06-28 17:29:05,200 [openphish.py  getTitleUrl 108] [ERROR]  timeout('timed out',)
2017-06-28 17:29:08,734 [openphish.py  getTitleUrl 108] [ERROR]  timeout('timed out',)
2017-06-28 17:29:12,158 [openphish.py  getTitleUrl 108] [ERROR]  timeout('timed out',)
2017-06-28 17:29:15,573 [openphish.py  getTitleUrl 108] [ERROR]  timeout('timed out',)
2017-06-28 17:29:18,990 [openphish.py  getTitleUrl 108] [ERROR]  timeout('timed out',)
2017-06-28 17:30:13,149 [openphish.py  getTitleUrl 108] [ERROR]  AttributeError("'NoneType' object has no attribute 'text'",)
2017-06-28 17:31:04,944 [openphish.py  getTitleUrl 108] [ERROR]  timeout('timed out',)
2017-06-28 17:31:30,552 [openphish.py  getTitleUrl 108] [ERROR]  AttributeError("'NoneType' object has no attribute 'text'",)
2017-06-28 17:31:56,013 [openphish.py  getTitleUrl 108] [ERROR]  timeout('timed out',)
2017-06-28 17:31:57,164 [openphish.py  getTitleUrl 108] [ERROR]  AttributeError("'NoneType' object has no attribute 'text'",)
2017-06-28 17:32:02,113 [openphish.py  getTitleUrl 108] [ERROR]  timeout('timed out',)
2017-06-28 17:32:07,372 [openphish.py  getTitleUrl 108] [ERROR]  timeout('timed out',)
2017-06-28 17:32:09,660 [dammit.py  __init__ 381] [WARNI]  Some characters could not be decoded, and were replaced with REPLACEMENT CHARACTER.
2017-06-28 17:32:15,784 [openphish.py  getTitleUrl 108] [ERROR]  AttributeError("'NoneType' object has no attribute 'text'",)
2017-06-28 17:32:17,172 [dammit.py  __init__ 381] [WARNI]  Some characters could not be decoded, and were replaced with REPLACEMENT CHARACTER.
2017-06-28 17:32:18,527 [openphish.py  getTitleUrl 108] [ERROR]  AttributeError("'NoneType' object has no attribute 'text'",)
2017-06-28 17:32:21,706 [openphish.py  getTitleUrl 108] [ERROR]  AttributeError("'NoneType' object has no attribute 'text'",)
2017-06-28 17:32:25,748 [openphish.py  getTitleUrl 108] [ERROR]  timeout('timed out',)
2017-06-28 17:32:31,509 [openphish.py  getTitleUrl 108] [ERROR]  AttributeError("'NoneType' object has no attribute 'text'",)
2017-06-28 17:32:48,076 [openphish.py  getTitleUrl 108] [ERROR]  timeout('timed out',)
2017-06-28 17:33:05,391 [openphish.py  getTitleUrl 108] [ERROR]  AttributeError("'NoneType' object has no attribute 'text'",)
2017-06-28 17:33:09,466 [openphish.py  getTitleUrl 108] [ERROR]  timeout('timed out',)
2017-06-28 17:33:11,782 [openphish.py  getTitleUrl 108] [ERROR]  AttributeError("'NoneType' object has no attribute 'text'",)
2017-06-28 17:33:26,981 [openphish.py  getTitleUrl 108] [ERROR]  AttributeError("'NoneType' object has no attribute 'text'",)
2017-06-28 17:33:37,495 [openphish.py  getTitleUrl 108] [ERROR]  AttributeError("'NoneType' object has no attribute 'text'",)
2017-06-28 17:33:51,667 [openphish.py  getTitleUrl 108] [ERROR]  AttributeError("'NoneType' object has no attribute 'text'",)
2017-06-28 17:34:30,514 [openphish.py  getTitleUrl 108] [ERROR]  AttributeError("'NoneType' object has no attribute 'text'",)
2017-06-28 17:34:42,948 [openphish.py  getTitleUrl 108] [ERROR]  AttributeError("'NoneType' object has no attribute 'text'",)
2017-06-28 17:34:53,717 [openphish.py  getTitleUrl 108] [ERROR]  AttributeError("'NoneType' object has no attribute 'text'",)
2017-06-28 17:34:57,589 [openphish.py  getTitleUrl 108] [ERROR]  AttributeError("'NoneType' object has no attribute 'text'",)
2017-06-28 17:34:57,771 [openphish.py  getTitleUrl 108] [ERROR]  AttributeError("'NoneType' object has no attribute 'text'",)
2017-06-28 17:34:57,952 [openphish.py  getTitleUrl 108] [ERROR]  AttributeError("'NoneType' object has no attribute 'text'",)
2017-06-28 17:35:28,470 [openphish.py  getTitleUrl 108] [ERROR]  timeout('timed out',)
2017-06-28 17:35:55,938 [openphish.py  getTitleUrl 108] [ERROR]  AttributeError("'NoneType' object has no attribute 'text'",)
2017-06-28 17:36:04,335 [dammit.py  __init__ 381] [WARNI]  Some characters could not be decoded, and were replaced with REPLACEMENT CHARACTER.
2017-06-28 17:36:30,172 [openphish.py  getTitleUrl 108] [ERROR]  timeout('timed out',)
2017-06-28 17:36:32,137 [openphish.py  getTitleUrl 108] [ERROR]  AttributeError("'NoneType' object has no attribute 'text'",)
2017-06-28 17:37:17,747 [openphish.py  getTitleUrl 108] [ERROR]  timeout('The read operation timed out',)
2017-06-28 17:37:34,925 [openphish.py  getTitleUrl 108] [ERROR]  AttributeError("'NoneType' object has no attribute 'text'",)
2017-06-28 17:39:01,072 [openphish.py  getTitleUrl 108] [ERROR]  timeout('timed out',)
2017-06-28 17:39:10,713 [openphish.py  getTitleUrl 108] [ERROR]  AttributeError("'NoneType' object has no attribute 'text'",)
2017-06-28 17:39:10,893 [openphish.py  getTitleUrl 108] [ERROR]  AttributeError("'NoneType' object has no attribute 'text'",)
2017-06-28 17:39:14,564 [openphish.py  getTitleUrl 108] [ERROR]  AttributeError("'NoneType' object has no attribute 'text'",)
2017-06-28 17:39:20,133 [openphish.py  getTitleUrl 108] [ERROR]  AttributeError("'NoneType' object has no attribute 'text'",)
2017-06-28 17:40:44,296 [openphish.py  getTitleUrl 108] [ERROR]  AttributeError("'NoneType' object has no attribute 'text'",)
2017-06-28 17:41:20,317 [openphish.py  getTitleUrl 108] [ERROR]  AttributeError("'NoneType' object has no attribute 'text'",)
2017-06-28 17:41:35,269 [openphish.py  getTitleUrl 108] [ERROR]  AttributeError("'NoneType' object has no attribute 'text'",)
2017-06-28 17:41:51,477 [openphish.py  getTitleUrl 108] [ERROR]  timeout('timed out',)
2017-06-28 17:42:01,621 [openphish.py  getTitleUrl 108] [ERROR]  AttributeError("'NoneType' object has no attribute 'text'",)
2017-06-28 17:42:06,301 [openphish.py  getTitleUrl 108] [ERROR]  AttributeError("'NoneType' object has no attribute 'text'",)
2017-06-28 17:42:17,011 [dammit.py  __init__ 381] [WARNI]  Some characters could not be decoded, and were replaced with REPLACEMENT CHARACTER.
2017-06-28 17:42:39,917 [openphish.py  getTitleUrl 108] [ERROR]  AttributeError("'NoneType' object has no attribute 'text'",)
2017-06-28 17:42:41,148 [openphish.py  getTitleUrl 108] [ERROR]  AttributeError("'NoneType' object has no attribute 'text'",)
2017-06-28 17:42:41,329 [openphish.py  getTitleUrl 108] [ERROR]  AttributeError("'NoneType' object has no attribute 'text'",)
2017-06-28 17:42:48,560 [dammit.py  __init__ 381] [WARNI]  Some characters could not be decoded, and were replaced with REPLACEMENT CHARACTER.
2017-06-28 17:42:52,447 [openphish.py  getTitleUrl 108] [ERROR]  AttributeError("'NoneType' object has no attribute 'text'",)
2017-06-28 17:42:57,959 [openphish.py  getTitleUrl 108] [ERROR]  CertificateError("hostname 'www.windservicebr.com' doesn't match either of 'autodiscover.windservicebr.com', 'cpanel.windservicebr.com', 'webdisk.windservicebr.com', 'webmail.windservicebr.com', 'windservicebr.com'",)
2017-06-28 17:42:59,390 [openphish.py  getTitleUrl 108] [ERROR]  AttributeError("'NoneType' object has no attribute 'text'",)
2017-06-28 17:43:12,455 [openphish.py  getTitleUrl 108] [ERROR]  AttributeError("'NoneType' object has no attribute 'text'",)
2017-06-28 17:43:18,390 [openphish.py  getTitleUrl 108] [ERROR]  timeout('timed out',)
2017-06-28 17:43:22,510 [openphish.py  getTitleUrl 108] [ERROR]  timeout('timed out',)
2017-06-28 17:43:33,791 [openphish.py  getTitleUrl 108] [ERROR]  AttributeError("'NoneType' object has no attribute 'text'",)
2017-06-28 17:43:34,383 [openphish.py  getTitleUrl 108] [ERROR]  AttributeError("'NoneType' object has no attribute 'text'",)
2017-06-28 17:44:13,550 [openphish.py  getTitleUrl 108] [ERROR]  AttributeError("'NoneType' object has no attribute 'text'",)
2017-06-28 17:44:28,706 [openphish.py  getTitleUrl 108] [ERROR]  AttributeError("'NoneType' object has no attribute 'text'",)
2017-06-28 17:45:03,589 [openphish.py  getTitleUrl 108] [ERROR]  AttributeError("'NoneType' object has no attribute 'text'",)
2017-06-28 17:45:03,768 [openphish.py  getTitleUrl 108] [ERROR]  AttributeError("'NoneType' object has no attribute 'text'",)
2017-06-28 17:45:53,750 [openphish.py  getTitleUrl 108] [ERROR]  AttributeError("'NoneType' object has no attribute 'text'",)
2017-06-28 17:45:53,929 [openphish.py  getTitleUrl 108] [ERROR]  AttributeError("'NoneType' object has no attribute 'text'",)
2017-06-28 17:45:58,956 [openphish.py  getTitleUrl 108] [ERROR]  AttributeError("'NoneType' object has no attribute 'text'",)
2017-06-28 17:46:18,806 [openphish.py  getTitleUrl 108] [ERROR]  AttributeError("'NoneType' object has no attribute 'text'",)
2017-06-28 17:46:21,630 [openphish.py  getTitleUrl 108] [ERROR]  AttributeError("'NoneType' object has no attribute 'text'",)
2017-06-28 17:46:21,810 [openphish.py  getTitleUrl 108] [ERROR]  AttributeError("'NoneType' object has no attribute 'text'",)
2017-06-28 17:46:21,991 [openphish.py  getTitleUrl 108] [ERROR]  AttributeError("'NoneType' object has no attribute 'text'",)
2017-06-28 17:46:22,171 [openphish.py  getTitleUrl 108] [ERROR]  AttributeError("'NoneType' object has no attribute 'text'",)
2017-06-28 17:48:26,551 [openphish.py  getTitleUrl 108] [ERROR]  AttributeError("'NoneType' object has no attribute 'text'",)
2017-06-28 17:49:09,652 [openphish.py  getTitleUrl 108] [ERROR]  AttributeError("'NoneType' object has no attribute 'text'",)
2017-06-28 17:49:10,043 [openphish.py  getTitleUrl 108] [ERROR]  AttributeError("'NoneType' object has no attribute 'text'",)
2017-06-28 17:49:14,115 [openphish.py  getTitleUrl 108] [ERROR]  timeout('timed out',)
2017-06-28 17:49:18,906 [dammit.py  __init__ 381] [WARNI]  Some characters could not be decoded, and were replaced with REPLACEMENT CHARACTER.
2017-06-28 17:49:44,160 [openphish.py  getTitleUrl 108] [ERROR]  AttributeError("'NoneType' object has no attribute 'text'",)
2017-06-28 17:49:46,732 [dbmanagment.py  conectdb 32] [INFO ]  Connected MongoDB 
2017-06-28 17:49:54,420 [dbmanagment.py  insertmany 104] [INFO ]  3896 number items duplicated,so trying update  theses
